Summary of SPARK analysis
=========================

--------------------------------------------------------------------------------------------------------
SPARK Analysis results        Total       Flow   Interval   CodePeer      Provers   Justified   Unproved
--------------------------------------------------------------------------------------------------------
Data Dependencies                 .          .          .          .            .           .          .
Flow Dependencies                 .          .          .          .            .           .          .
Initialization                    4          4          .          .            .           .          .
Non-Aliasing                      .          .          .          .            .           .          .
Run-time Checks                  10          .          .          .    10 (CVC4)           .          .
Assertions                        4          .          .          .     4 (CVC4)           .          .
Functional Contracts              1          .          .          .     1 (CVC4)           .          .
LSP Verification                  .          .          .          .            .           .          .
--------------------------------------------------------------------------------------------------------
Total                            19    4 (21%)          .          .     15 (79%)           .          .


Analyzed 2 units
in unit find, 2 subprograms and packages out of 2 analyzed
  Find at find.ads:1 flow analyzed (0 errors, 0 checks and 0 warnings) and proved (0 checks)
  Find.Max at find.ads:5 flow analyzed (0 errors, 0 checks and 0 warnings) and proved (15 checks)
in unit main, 0 subprograms and packages out of 1 analyzed
  Main at main.adb:3 skipped
