Summary of SPARK analysis
=========================

------------------------------------------------------------------------------------------------------
SPARK Analysis results        Total        Flow   Interval   CodePeer   Provers   Justified   Unproved
------------------------------------------------------------------------------------------------------
Data Dependencies                 .           .          .          .         .           .          .
Flow Dependencies                 .           .          .          .         .           .          .
Initialization                    5           5          .          .         .           .          .
Non-Aliasing                      .           .          .          .         .           .          .
Run-time Checks                   .           .          .          .         .           .          .
Assertions                        .           .          .          .         .           .          .
Functional Contracts              .           .          .          .         .           .          .
LSP Verification                  .           .          .          .         .           .          .
------------------------------------------------------------------------------------------------------
Total                             5    5 (100%)          .          .         .           .          .


Analyzed 2 units
in unit main, 0 subprograms and packages out of 1 analyzed
  Main at main.adb:3 skipped
in unit smallest_factor, 2 subprograms and packages out of 2 analyzed
  Smallest_Factor at smallest_factor.ads:1 flow analyzed (0 errors, 0 checks and 0 warnings)
  Smallest_Factor.Smallest_Factor at smallest_factor.ads:3 flow analyzed (0 errors, 0 checks and 0 warnings)
